I, [2018-10-27T17:14:58.795821 #63632]  INFO -- default-ubuntu-1604: -----> Converging <default-ubuntu-1604>...
I, [2018-10-27T17:14:58.798621 #63632]  INFO -- default-ubuntu-1604: Preparing files for transfer
I, [2018-10-27T17:14:58.799215 #63632]  INFO -- default-ubuntu-1604: Preparing dna.json
I, [2018-10-27T17:14:58.808702 #63632]  INFO -- default-ubuntu-1604: Resolving cookbook dependencies with Berkshelf 7.0.6...
I, [2018-10-27T17:14:59.526022 #63632]  INFO -- default-ubuntu-1604: Removing non-cookbook files before transfer
I, [2018-10-27T17:14:59.560487 #63632]  INFO -- default-ubuntu-1604: Preparing validation.pem
I, [2018-10-27T17:14:59.575731 #63632]  INFO -- default-ubuntu-1604: Preparing client.rb
I, [2018-10-27T17:15:00.746594 #63632]  INFO -- default-ubuntu-1604: -----> Chef Omnibus installation detected (install only if missing)
I, [2018-10-27T17:15:00.976626 #63632]  INFO -- default-ubuntu-1604: Transferring files to <default-ubuntu-1604>
I, [2018-10-27T17:15:07.924955 #63632]  INFO -- default-ubuntu-1604: Starting Chef Client, version 14.6.47
I, [2018-10-27T17:15:10.129523 #63632]  INFO -- default-ubuntu-1604: resolving cookbooks for run list: ["nameserver-chef-config::default"]
I, [2018-10-27T17:15:10.179267 #63632]  INFO -- default-ubuntu-1604: Synchronizing Cookbooks:
I, [2018-10-27T17:15:10.192167 #63632]  INFO -- default-ubuntu-1604:   - nameserver-chef-config (0.1.0)
I, [2018-10-27T17:15:10.194015 #63632]  INFO -- default-ubuntu-1604: Installing Cookbook Gems:
I, [2018-10-27T17:15:10.202507 #63632]  INFO -- default-ubuntu-1604: Compiling Cookbooks...
I, [2018-10-27T17:15:10.227180 #63632]  INFO -- default-ubuntu-1604: Converging 2 resources
I, [2018-10-27T17:15:10.231817 #63632]  INFO -- default-ubuntu-1604: Recipe: nameserver-chef-config::default
I, [2018-10-27T17:15:10.703945 #63632]  INFO -- default-ubuntu-1604:   * apt_package[bind9, bind9utils, bind9-doc] action install (up to date)
I, [2018-10-27T17:15:10.785531 #63632]  INFO -- default-ubuntu-1604:   * template[named.conf.options.erb] action create (up to date)
I, [2018-10-27T17:15:11.343643 #63632]  INFO -- default-ubuntu-1604: 
I, [2018-10-27T17:15:11.351836 #63632]  INFO -- default-ubuntu-1604: Running handlers:
I, [2018-10-27T17:15:11.352102 #63632]  INFO -- default-ubuntu-1604: Running handlers complete
I, [2018-10-27T17:15:11.359712 #63632]  INFO -- default-ubuntu-1604: Chef Client finished, 0/2 resources updated in 03 seconds
I, [2018-10-27T17:15:11.458409 #63632]  INFO -- default-ubuntu-1604: Downloading files from <default-ubuntu-1604>
I, [2018-10-27T17:15:11.496041 #63632]  INFO -- default-ubuntu-1604: Finished converging <default-ubuntu-1604> (0m12.68s).
